<?xml version="1.0" encoding="UTF-8"?>
<testsuite xmlns:xsi="http://www.w3.org/2001/XMLSchema-instance" xsi:noNamespaceSchemaLocation="https://maven.apache.org/surefire/maven-surefire-plugin/xsd/surefire-test-report-3.0.xsd" version="3.0" name="TestSuite" time="55.753" tests="4" errors="0" skipped="0" failures="0">
  <properties>
[...]
</properties>
  <testcase name="basepagenavigation" classname="Academy.validatenavigationBar" time="0.089"/>
  <testcase name="basepagenavigation" classname="Academy.HomePage" time="21.618"/>
  <testcase name="basepagenavigation" classname="Academy.HomePage" time="10.523"/>
  <testcase name="basepagenavigation" classname="Academy.validateTitle" time="0.069"/>
</testsuite>